<?xml version="1.0" encoding="utf-8"?><testsuites name="pytest tests"><testsuite name="pytest" errors="0" failures="0" skipped="0" tests="26" time="4.231" timestamp="2026-04-18T21:15:05.535226+00:00" hostname="agent-env-8266e3a7-e97b-4607-8679-48d4f8bffdfd"><testcase classname="backend.tests.test_silent_honor" name="test_health" time="0.214" /><testcase classname="backend.tests.test_silent_honor.TestAuth" name="test_admin_login_sets_cookie" time="0.358" /><testcase classname="backend.tests.test_silent_honor.TestAuth" name="test_invalid_login" time="0.144" /><testcase classname="backend.tests.test_silent_honor.TestAuth" name="test_register_and_me" time="0.391" /><testcase classname="backend.tests.test_silent_honor.TestAuth" name="test_member_login" time="0.345" /><testcase classname="backend.tests.test_silent_honor.TestAuth" name="test_logout_clears_cookies" time="0.448" /><testcase classname="backend.tests.test_silent_honor" name="test_contact_submission" time="0.111" /><testcase classname="backend.tests.test_silent_honor.TestAdmin" name="test_stats" time="0.391" /><testcase classname="backend.tests.test_silent_honor.TestAdmin" name="test_members_list" time="0.050" /><testcase classname="backend.tests.test_silent_honor.TestAdmin" name="test_contacts_list" time="0.049" /><testcase classname="backend.tests.test_silent_honor.TestAdmin" name="test_admin_requires_auth" time="0.124" /><testcase classname="backend.tests.test_silent_honor.TestAdmin" name="test_admin_denies_member" time="0.053" /><testcase classname="backend.tests.test_silent_honor.TestCourseCRUD" name="test_create_course" time="0.053" /><testcase classname="backend.tests.test_silent_honor.TestCourseCRUD" name="test_get_courses_contains_created" time="0.047" /><testcase classname="backend.tests.test_silent_honor.TestCourseCRUD" name="test_update_course" time="0.094" /><testcase classname="backend.tests.test_silent_honor.TestCourseCRUD" name="test_delete_course" time="0.095" /><testcase classname="backend.tests.test_silent_honor.TestDD214" name="test_upload_and_verify_flow" time="0.214" /><testcase classname="backend.tests.test_silent_honor.TestDD214" name="test_upload_rejects_invalid_type" time="0.054" /><testcase classname="backend.tests.test_silent_honor" name="test_member_courses" time="0.052" /><testcase classname="backend.tests.test_silent_honor" name="test_html_pages_accessible[/index.html]" time="0.120" /><testcase classname="backend.tests.test_silent_honor" name="test_html_pages_accessible[/login.html]" time="0.104" /><testcase classname="backend.tests.test_silent_honor" name="test_html_pages_accessible[/signup.html]" time="0.130" /><testcase classname="backend.tests.test_silent_honor" name="test_html_pages_accessible[/dashboard.html]" time="0.108" /><testcase classname="backend.tests.test_silent_honor" name="test_html_pages_accessible[/admin.html]" time="0.122" /><testcase classname="backend.tests.test_silent_honor" name="test_html_pages_accessible[/contact.html]" time="0.108" /><testcase classname="backend.tests.test_silent_honor" name="test_html_pages_accessible[/courses.html]" time="0.143" /></testsuite></testsuites>